<?xml version="1.0" encoding="UTF-8"?>
<!-- Generated by org.testng.reporters.JUnitXMLReporter -->
<testsuite hostname="DESKTOP-HS2QJ56" failures="0" tests="2" name="Regression1" time="25.907" errors="0" timestamp="21 May 2024 05:37:48 GMT">
  <testcase classname="com.hrms.test_Scripts.TC001_Driver_Frame_TestNg_Log4j" name="tc001_login_logout" time="11.744"/>
  <testcase classname="com.hrms.test_Scripts.TC002_Driver_Frame_TestNg_Log4j" name="addEmp" time="14.128"/>
</testsuite> <!-- Regression1 -->
